\BOOKMARK [1][-]{section.1}{Introduction}{}% 1
\BOOKMARK [1][-]{section.2}{Background}{}% 2
\BOOKMARK [2][-]{subsection.2.1}{The Lennard-Jones potential}{section.2}% 3
\BOOKMARK [2][-]{subsection.2.2}{Units}{section.2}% 4
\BOOKMARK [1][-]{section.3}{Python versions}{}% 5
\BOOKMARK [1][-]{section.4}{First steps}{}% 6
\BOOKMARK [1][-]{section.5}{Overview over a simulation script}{}% 7
\BOOKMARK [2][-]{subsection.5.1}{System setup}{section.5}% 8
\BOOKMARK [2][-]{subsection.5.2}{Choosing the thermodynamic ensemble, thermostat}{section.5}% 9
\BOOKMARK [2][-]{subsection.5.3}{Placing and accessing particles}{section.5}% 10
\BOOKMARK [2][-]{subsection.5.4}{Setting up non-bonded interactions}{section.5}% 11
\BOOKMARK [2][-]{subsection.5.5}{Warmup}{section.5}% 12
\BOOKMARK [1][-]{section.6}{Putting it all together: Lennard-Jones liquid simulation}{}% 13
\BOOKMARK [2][-]{subsection.6.1}{Initialization}{section.6}% 14
\BOOKMARK [3][-]{subsubsection.6.1.1}{System setup}{subsection.6.1}% 15
\BOOKMARK [2][-]{subsection.6.2}{Particles}{section.6}% 16
\BOOKMARK [2][-]{subsection.6.3}{Removing the overlap between particles \(warmup\)}{section.6}% 17
\BOOKMARK [2][-]{subsection.6.4}{Integrating the equations of motion, taking measurements}{section.6}% 18
\BOOKMARK [2][-]{subsection.6.5}{Simple Error Estimation on Time Series Data}{section.6}% 19
\BOOKMARK [1][-]{section.7}{Exercise: Binary Lennard-Jones Liquid}{}% 20
\BOOKMARK [1][-]{section.8}{Exercise: Measuring the particles' mean square displacement}{}% 21
