\BOOKMARK [0][-]{toc.0}{Contents}{}% 1
\BOOKMARK [0][-]{chapter.1}{Introduction}{}% 2
\BOOKMARK [1][-]{section.1.1}{Guiding principles}{chapter.1}% 3
\BOOKMARK [1][-]{section.1.2}{Available simulation methods}{chapter.1}% 4
\BOOKMARK [1][-]{section.1.3}{Basic program structure}{chapter.1}% 5
\BOOKMARK [1][-]{section.1.4}{On units}{chapter.1}% 6
\BOOKMARK [1][-]{section.1.5}{Requirements}{chapter.1}% 7
\BOOKMARK [1][-]{section.1.6}{Tcl: Syntax description}{chapter.1}% 8
\BOOKMARK [0][-]{chapter.2}{First steps}{}% 9
\BOOKMARK [1][-]{section.2.1}{Quick installation}{chapter.2}% 10
\BOOKMARK [1][-]{section.2.2}{Running ESPResSo}{chapter.2}% 11
\BOOKMARK [1][-]{section.2.3}{Python: Basic concepts}{chapter.2}% 12
\BOOKMARK [1][-]{section.2.4}{Tcl: Creating the first simulation script}{chapter.2}% 13
\BOOKMARK [1][-]{section.2.5}{Tcl: tutorial.tcl}{chapter.2}% 14
\BOOKMARK [0][-]{chapter.3}{Getting, compiling and running ESPResSo}{}% 15
\BOOKMARK [1][-]{section.3.1}{cmake}{chapter.3}% 16
\BOOKMARK [1][-]{section.3.2}{make: Compiling, testing and installing ESPResSo}{chapter.3}% 17
\BOOKMARK [1][-]{section.3.3}{TCL: Running ESPResSo}{chapter.3}% 18
\BOOKMARK [1][-]{section.3.4}{myconfig.hpp: Activating and deactivating features}{chapter.3}% 19
\BOOKMARK [0][-]{chapter.4}{Setting up particles}{}% 20
\BOOKMARK [1][-]{section.4.1}{part: Creating single particles}{chapter.4}% 21
\BOOKMARK [1][-]{section.4.2}{Creating groups of particle}{chapter.4}% 22
\BOOKMARK [1][-]{section.4.3}{constraint: Setting up constraints}{chapter.4}% 23
\BOOKMARK [1][-]{section.4.4}{Virtual sites}{chapter.4}% 24
\BOOKMARK [1][-]{section.4.5}{Grand canonical feature}{chapter.4}% 25
\BOOKMARK [0][-]{chapter.5}{Setting up interactions}{}% 26
\BOOKMARK [1][-]{section.5.1}{Isotropic non-bonded interactions}{chapter.5}% 27
\BOOKMARK [1][-]{section.5.2}{Anisotropic non-bonded interactions}{chapter.5}% 28
\BOOKMARK [1][-]{section.5.3}{Bonded interactions}{chapter.5}% 29
\BOOKMARK [1][-]{section.5.4}{Object-in-fluid interactions}{chapter.5}% 30
\BOOKMARK [1][-]{section.5.5}{Bond-angle interactions}{chapter.5}% 31
\BOOKMARK [1][-]{section.5.6}{Dihedral interactions}{chapter.5}% 32
\BOOKMARK [1][-]{section.5.7}{Coulomb interaction}{chapter.5}% 33
\BOOKMARK [1][-]{section.5.8}{Dipolar interaction}{chapter.5}% 34
\BOOKMARK [1][-]{section.5.9}{Special interaction commands}{chapter.5}% 35
\BOOKMARK [0][-]{chapter.6}{Setting up the system}{}% 36
\BOOKMARK [1][-]{section.6.1}{setmd: Setting global variables in TCL}{chapter.6}% 37
\BOOKMARK [1][-]{section.6.2}{Setting global variables in Python}{chapter.6}% 38
\BOOKMARK [1][-]{section.6.3}{thermostat: Setting up the thermostat}{chapter.6}% 39
\BOOKMARK [1][-]{section.6.4}{nemd: Setting up non-equilibrium MD}{chapter.6}% 40
\BOOKMARK [1][-]{section.6.5}{cellsystem: Setting up the cell system}{chapter.6}% 41
\BOOKMARK [1][-]{section.6.6}{CUDA}{chapter.6}% 42
\BOOKMARK [1][-]{section.6.7}{Creating bonds when particles collide}{chapter.6}% 43
\BOOKMARK [1][-]{section.6.8}{Catalytic Reactions}{chapter.6}% 44
\BOOKMARK [1][-]{section.6.9}{Galilei Transform and Particle Velocity Manipulation}{chapter.6}% 45
\BOOKMARK [0][-]{chapter.7}{Running the simulation}{}% 46
\BOOKMARK [1][-]{section.7.1}{integrate: Running the simulation}{chapter.7}% 47
\BOOKMARK [1][-]{section.7.2}{time\137integration: Runtime of the integration loop}{chapter.7}% 48
\BOOKMARK [1][-]{section.7.3}{minimize\137energy: Run steepest descent minimization}{chapter.7}% 49
\BOOKMARK [1][-]{section.7.4}{tune\137skin: Tune the skin}{chapter.7}% 50
\BOOKMARK [1][-]{section.7.5}{change\137volume: Changing the box volume}{chapter.7}% 51
\BOOKMARK [1][-]{section.7.6}{rotate\137system: Rotating the system around its center of mass}{chapter.7}% 52
\BOOKMARK [1][-]{section.7.7}{lees\137edwards\137offset: Applying shear between periodic images}{chapter.7}% 53
\BOOKMARK [1][-]{section.7.8}{Stopping particles}{chapter.7}% 54
\BOOKMARK [1][-]{section.7.9}{velocities: Setting the velocities}{chapter.7}% 55
\BOOKMARK [1][-]{section.7.10}{Fixing the particle sorting}{chapter.7}% 56
\BOOKMARK [1][-]{section.7.11}{Parallel tempering}{chapter.7}% 57
\BOOKMARK [1][-]{section.7.12}{Metadynamics}{chapter.7}% 58
\BOOKMARK [1][-]{section.7.13}{integrate\137sd: Running a stokesian dynamics simulation}{chapter.7}% 59
\BOOKMARK [1][-]{section.7.14}{Multi-timestepping}{chapter.7}% 60
\BOOKMARK [0][-]{chapter.8}{Analysis}{}% 61
\BOOKMARK [1][-]{section.8.1}{Available observables}{chapter.8}% 62
\BOOKMARK [1][-]{section.8.2}{Analyzing groups of particles \(molecules\)}{chapter.8}% 63
\BOOKMARK [1][-]{section.8.3}{Storing configurations}{chapter.8}% 64
\BOOKMARK [1][-]{section.8.4}{uwerr: Computing statistical errors in time series}{chapter.8}% 65
\BOOKMARK [0][-]{chapter.9}{Analysis in the core}{}% 66
\BOOKMARK [1][-]{section.9.1}{Observables}{chapter.9}% 67
\BOOKMARK [1][-]{section.9.2}{Correlations}{chapter.9}% 68
\BOOKMARK [0][-]{chapter.10}{Input / Output}{}% 69
\BOOKMARK [1][-]{section.10.1}{No generic checkpointing!}{chapter.10}% 70
\BOOKMARK [1][-]{section.10.2}{\(Almost\) generic checkpointing in Python}{chapter.10}% 71
\BOOKMARK [1][-]{section.10.3}{Writing H5MD-files}{chapter.10}% 72
\BOOKMARK [1][-]{section.10.4}{blockfile: Using the structured file format \(deprecated\)}{chapter.10}% 73
\BOOKMARK [1][-]{section.10.5}{Writing and reading binary files}{chapter.10}% 74
\BOOKMARK [1][-]{section.10.6}{MPI-IO}{chapter.10}% 75
\BOOKMARK [1][-]{section.10.7}{Writing VTF files}{chapter.10}% 76
\BOOKMARK [1][-]{section.10.8}{writevtk: Particle Visualization in paraview}{chapter.10}% 77
\BOOKMARK [1][-]{section.10.9}{Reading and Writing PDB/PSF files}{chapter.10}% 78
\BOOKMARK [1][-]{section.10.10}{Online-visualization with VMD}{chapter.10}% 79
\BOOKMARK [1][-]{section.10.11}{Error handling}{chapter.10}% 80
\BOOKMARK [1][-]{section.10.12}{Online-visualization with Mayavi or OpenGL}{chapter.10}% 81
\BOOKMARK [0][-]{chapter.11}{Auxiliary commands}{}% 82
\BOOKMARK [1][-]{section.11.1}{Finding particles and bonds}{chapter.11}% 83
\BOOKMARK [1][-]{section.11.2}{Additional Tcl math-functions}{chapter.11}% 84
\BOOKMARK [1][-]{section.11.3}{Checking for features of ESPResSo}{chapter.11}% 85
\BOOKMARK [0][-]{chapter.12}{Lattice-Boltzmann}{}% 86
\BOOKMARK [1][-]{section.12.1}{Setting up a LB fluid}{chapter.12}% 87
\BOOKMARK [1][-]{section.12.2}{LB as a thermostat}{chapter.12}% 88
\BOOKMARK [1][-]{section.12.3}{The Shan Chen bicomponent fluid}{chapter.12}% 89
\BOOKMARK [1][-]{section.12.4}{SC as a thermostat}{chapter.12}% 90
\BOOKMARK [1][-]{section.12.5}{SC component-dependent interactions between particles}{chapter.12}% 91
\BOOKMARK [1][-]{section.12.6}{Reading and setting single lattice nodes}{chapter.12}% 92
\BOOKMARK [1][-]{section.12.7}{Removing total fluid momentum}{chapter.12}% 93
\BOOKMARK [1][-]{section.12.8}{Visualization}{chapter.12}% 94
\BOOKMARK [1][-]{section.12.9}{Setting up boundary conditions}{chapter.12}% 95
\BOOKMARK [1][-]{section.12.10}{Choosing between the GPU and CPU implementations}{chapter.12}% 96
\BOOKMARK [1][-]{section.12.11}{Electrohydrodynamics}{chapter.12}% 97
\BOOKMARK [0][-]{chapter.13}{Electrokinetics}{}% 98
\BOOKMARK [1][-]{section.13.1}{Electrokinetic Equations}{chapter.13}% 99
\BOOKMARK [1][-]{section.13.2}{Setup}{chapter.13}% 100
\BOOKMARK [1][-]{section.13.3}{Output}{chapter.13}% 101
\BOOKMARK [1][-]{section.13.4}{Checkpointing}{chapter.13}% 102
\BOOKMARK [1][-]{section.13.5}{Catalytic Reaction}{chapter.13}% 103
\BOOKMARK [0][-]{chapter.14}{Object-in-fluid}{}% 104
\BOOKMARK [1][-]{section.14.1}{Membranes}{chapter.14}% 105
\BOOKMARK [1][-]{section.14.2}{Parameters}{chapter.14}% 106
\BOOKMARK [1][-]{section.14.3}{Geometry}{chapter.14}% 107
\BOOKMARK [1][-]{section.14.4}{Available commands}{chapter.14}% 108
\BOOKMARK [0][-]{chapter.15}{Immersed Boundary Method for soft elastic objects}{}% 109
\BOOKMARK [0][-]{chapter.16}{External package: mbtools}{}% 110
\BOOKMARK [1][-]{section.16.1}{Introduction}{chapter.16}% 111
\BOOKMARK [1][-]{section.16.2}{Installing and getting started}{chapter.16}% 112
\BOOKMARK [1][-]{section.16.3}{The main.tcl script}{chapter.16}% 113
\BOOKMARK [1][-]{section.16.4}{Analysis}{chapter.16}% 114
\BOOKMARK [1][-]{section.16.5}{System generation}{chapter.16}% 115
\BOOKMARK [1][-]{section.16.6}{Utils}{chapter.16}% 116
\BOOKMARK [1][-]{section.16.7}{mmsg}{chapter.16}% 117
\BOOKMARK [0][-]{chapter.17}{Under the hood}{}% 118
\BOOKMARK [1][-]{section.17.1}{Internal particle organization}{chapter.17}% 119
\BOOKMARK [0][-]{chapter.18}{Getting involved}{}% 120
\BOOKMARK [1][-]{section.18.1}{Community support and mailing lists}{chapter.18}% 121
\BOOKMARK [1][-]{section.18.2}{Contributing your own code}{chapter.18}% 122
\BOOKMARK [1][-]{section.18.3}{Developers' guide}{chapter.18}% 123
\BOOKMARK [1][-]{section.18.4}{User's guide}{chapter.18}% 124
\BOOKMARK [0][-]{appendix.A}{ESPResSo quick reference}{}% 125
\BOOKMARK [0][-]{appendix.B}{Features}{}% 126
\BOOKMARK [1][-]{section.B.1}{General features}{appendix.B}% 127
\BOOKMARK [1][-]{section.B.2}{Interactions}{appendix.B}% 128
\BOOKMARK [1][-]{section.B.3}{Debug messages}{appendix.B}% 129
\BOOKMARK [0][-]{appendix.C}{Sample scripts}{}% 130
\BOOKMARK [0][-]{appendix.D}{Maxwell Equations Molecular Dynamics \(MEMD\)}{}% 131
\BOOKMARK [1][-]{section.D.1}{Equations of motion}{appendix.D}% 132
\BOOKMARK [1][-]{section.D.2}{Discretization}{appendix.D}% 133
\BOOKMARK [1][-]{section.D.3}{Initialization of the algorithm}{appendix.D}% 134
\BOOKMARK [1][-]{section.D.4}{Time integrator}{appendix.D}% 135
\BOOKMARK [1][-]{section.D.5}{Self\205energy}{appendix.D}% 136
\BOOKMARK [1][-]{section.D.6}{For which systems to use the algorithm}{appendix.D}% 137
\BOOKMARK [0][-]{appendix.E}{The MMM family of algorithms}{}% 138
\BOOKMARK [1][-]{section.E.1}{Introduction}{appendix.E}% 139
\BOOKMARK [1][-]{section.E.2}{MMM2D}{appendix.E}% 140
\BOOKMARK [1][-]{section.E.3}{MMM1D}{appendix.E}% 141
\BOOKMARK [1][-]{section.E.4}{ELC}{appendix.E}% 142
\BOOKMARK [1][-]{section.E.5}{Errors}{appendix.E}% 143
\BOOKMARK [0][-]{appendix.F}{Bibliography}{}% 144
\BOOKMARK [0][-]{appendix*.163}{Index}{}% 145
