This is pdfTeX, Version 3.14159265-2.6-1.40.16 (TeX Live 2015) (preloaded format=pdflatex 2016.6.1)  7 JUN 2017 14:10
entering extended mode
 restricted \write18 enabled.
 %&-line parsing enabled.
**\def\esversion{3.4-dev-4221-gc289dc1-dirty}\input{02-charged_system.tex}

(/Users/bindgens2/Documents/espresso_dev/espresso/doc/tutorials/tcl/02-charged_
system/02-charged_system.tex (/usr/local/texlive/2015/texmf-dist/tex/latex/koma
-script/scrartcl.cls
Document Class: scrartcl 2015/05/06 v3.17a KOMA-Script document class (article)

(/usr/local/texlive/2015/texmf-dist/tex/latex/koma-script/scrkbase.sty
Package: scrkbase 2015/05/06 v3.17a KOMA-Script package (KOMA-Script-dependent 
basics and keyval usage)
(/usr/local/texlive/2015/texmf-dist/tex/latex/koma-script/scrbase.sty
Package: scrbase 2015/05/06 v3.17a KOMA-Script package (KOMA-Script-independent
 basics and keyval usage)
(/usr/local/texlive/2015/texmf-dist/tex/latex/graphics/keyval.sty
Package: keyval 2014/10/28 v1.15 key=value parser (DPC)
\KV@toks@=\toks14
) (/usr/local/texlive/2015/texmf-dist/tex/latex/koma-script/scrlfile.sty
Package: scrlfile 2015/05/06 v3.17a KOMA-Script package (loading files)
Package scrlfile, 2015/05/06 v3.17a KOMA-Script package (loading files)
                  Copyright (C) Markus Kohm

))) (/usr/local/texlive/2015/texmf-dist/tex/latex/koma-script/tocbasic.sty
Package: tocbasic 2015/05/06 v3.17a KOMA-Script package (handling toc-files)
)
Package tocbasic Info: omitting babel extension for `toc'
(tocbasic)             because of feature `nobabel' available
(tocbasic)             for `toc' on input line 122.
Package tocbasic Info: omitting babel extension for `lof'
(tocbasic)             because of feature `nobabel' available
(tocbasic)             for `lof' on input line 123.
Package tocbasic Info: omitting babel extension for `lot'
(tocbasic)             because of feature `nobabel' available
(tocbasic)             for `lot' on input line 124.
Package scrartcl Info: You've used standard option `11pt'.
(scrartcl)             This is correct!
(scrartcl)             Internally I'm using `fontsize=11pt'.
(scrartcl)             If you'd like to set the option with \KOMAoptions,
(scrartcl)             you'd have to use `fontsize=11pt' there
(scrartcl)             instead of `11pt', too.
Class scrartcl Info: File `scrsize11pt.clo' used to setup font sizes on input l
ine 1942.
(/usr/local/texlive/2015/texmf-dist/tex/latex/koma-script/scrsize11pt.clo
File: scrsize11pt.clo 2015/05/06 v3.17a KOMA-Script font size class option (11p
t)
) (/usr/local/texlive/2015/texmf-dist/tex/latex/koma-script/typearea.sty
Package: typearea 2015/05/06 v3.17a KOMA-Script package (type area)
Package typearea, 2015/05/06 v3.17a KOMA-Script package (type area)
                  Copyright (C) Frank Neukam, 1992-1994
                  Copyright (C) Markus Kohm, 1994-

\ta@bcor=\skip41
\ta@div=\count79
Package typearea Info: You've used standard option `a4paper'.
(typearea)             This is correct!
(typearea)             Internally I'm using `paper=a4'.
(typearea)             If you'd like to set the option with \KOMAoptions,
(typearea)             you'd have to use `paper=a4' there
(typearea)             instead of `a4paper', too.

Package typearea Warning: You've used obsolete option `headexclude'.
(typearea)                Usage of this option indicates an old document
(typearea)                and changes compatibility level using
(typearea)                `headinclude=false,version=first'.
(typearea)                If you don't want this, you should simply
(typearea)                replace option `headexclude' by `headinclude=false'.

Package typearea Info: Switching compatibility level to `first'.

Package typearea Warning: You've used obsolete option `footexclude'.
(typearea)                Usage of this option indicates an old document
(typearea)                and changes compatibility level using
(typearea)                `footinclude=false,version=first'.
(typearea)                If you don't want this, you should simply
(typearea)                replace option `footexclude' by `footinclude=false'.

Package typearea Info: Switching compatibility level to `first'.
\ta@hblk=\skip42
\ta@vblk=\skip43
\ta@temp=\skip44
\footheight=\skip45
Package typearea Info: These are the values describing the layout:
(typearea)             DIV  = 10
(typearea)             BCOR = 0.0pt
(typearea)             \paperwidth      = 597.50793pt
(typearea)              \textwidth      = 418.25555pt
(typearea)              DIV departure   = -6%
(typearea)              \evensidemargin = 47.2316pt
(typearea)              \oddsidemargin  = -12.5192pt
(typearea)             \paperheight     = 845.04694pt
(typearea)              \textheight     = 595.80026pt
(typearea)              \topmargin      = -25.16531pt
(typearea)              \headheight     = 17.0pt
(typearea)              \headsep        = 20.40001pt
(typearea)              \topskip        = 11.0pt
(typearea)              \footskip       = 47.6pt
(typearea)              \baselineskip   = 13.6pt
(typearea)              on input line 1485.
)
\c@part=\count80
\c@section=\count81
\c@subsection=\count82
\c@subsubsection=\count83
\c@paragraph=\count84
\c@subparagraph=\count85
LaTeX Info: Redefining \textsubscript on input line 3718.
\abovecaptionskip=\skip46
\belowcaptionskip=\skip47
\c@pti@nb@sid@b@x=\box26
\c@figure=\count86
\c@table=\count87
\bibindent=\dimen102
)
\@input{common.aux}
\openout2 = `common.aux'.


(/Users/bindgens2/Documents/espresso_dev/espresso/doc/tutorials/tcl/02-charged_
system/../../common/common.tex (/usr/local/texlive/2015/texmf-dist/tex/latex/to
ols/varioref.sty
Package: varioref 2014/10/28 v1.5a package for extended references (FMi)
\c@vrcnt=\count88
) (/usr/local/texlive/2015/texmf-dist/tex/latex/hyperref/hyperref.sty
Package: hyperref 2012/11/06 v6.83m Hypertext links for LaTeX
(/usr/local/texlive/2015/texmf-dist/tex/generic/oberdiek/hobsub-hyperref.sty
Package: hobsub-hyperref 2012/05/28 v1.13 Bundle oberdiek, subset hyperref (HO)

(/usr/local/texlive/2015/texmf-dist/tex/generic/oberdiek/hobsub-generic.sty
Package: hobsub-generic 2012/05/28 v1.13 Bundle oberdiek, subset generic (HO)
Package: hobsub 2012/05/28 v1.13 Construct package bundles (HO)
Package: infwarerr 2010/04/08 v1.3 Providing info/warning/error messages (HO)
Package: ltxcmds 2011/11/09 v1.22 LaTeX kernel commands for general use (HO)
Package: ifluatex 2010/03/01 v1.3 Provides the ifluatex switch (HO)
Package ifluatex Info: LuaTeX not detected.
Package: ifvtex 2010/03/01 v1.5 Detect VTeX and its facilities (HO)
Package ifvtex Info: VTeX not detected.
Package: intcalc 2007/09/27 v1.1 Expandable calculations with integers (HO)
Package: ifpdf 2011/01/30 v2.3 Provides the ifpdf switch (HO)
Package ifpdf Info: pdfTeX in PDF mode is detected.
Package: etexcmds 2011/02/16 v1.5 Avoid name clashes with e-TeX commands (HO)
Package etexcmds Info: Could not find \expanded.
(etexcmds)             That can mean that you are not using pdfTeX 1.50 or
(etexcmds)             that some package has redefined \expanded.
(etexcmds)             In the latter case, load this package earlier.
Package: kvsetkeys 2012/04/25 v1.16 Key value parser (HO)
Package: kvdefinekeys 2011/04/07 v1.3 Define keys (HO)
Package: pdftexcmds 2011/11/29 v0.20 Utility functions of pdfTeX for LuaTeX (HO
)
Package pdftexcmds Info: LuaTeX not detected.
Package pdftexcmds Info: \pdf@primitive is available.
Package pdftexcmds Info: \pdf@ifprimitive is available.
Package pdftexcmds Info: \pdfdraftmode found.
Package: pdfescape 2011/11/25 v1.13 Implements pdfTeX's escape features (HO)
Package: bigintcalc 2012/04/08 v1.3 Expandable calculations on big integers (HO
)
Package: bitset 2011/01/30 v1.1 Handle bit-vector datatype (HO)
Package: uniquecounter 2011/01/30 v1.2 Provide unlimited unique counter (HO)
)
Package hobsub Info: Skipping package `hobsub' (already loaded).
Package: letltxmacro 2010/09/02 v1.4 Let assignment for LaTeX macros (HO)
Package: hopatch 2012/05/28 v1.2 Wrapper for package hooks (HO)
Package: xcolor-patch 2011/01/30 xcolor patch
Package: atveryend 2011/06/30 v1.8 Hooks at the very end of document (HO)
Package atveryend Info: \enddocument detected (standard20110627).
Package: atbegshi 2011/10/05 v1.16 At begin shipout hook (HO)
Package: refcount 2011/10/16 v3.4 Data extraction from label references (HO)
Package: hycolor 2011/01/30 v1.7 Color options for hyperref/bookmark (HO)
) (/usr/local/texlive/2015/texmf-dist/tex/generic/ifxetex/ifxetex.sty
Package: ifxetex 2010/09/12 v0.6 Provides ifxetex conditional
) (/usr/local/texlive/2015/texmf-dist/tex/latex/oberdiek/auxhook.sty
Package: auxhook 2011/03/04 v1.3 Hooks for auxiliary files (HO)
) (/usr/local/texlive/2015/texmf-dist/tex/latex/oberdiek/kvoptions.sty
Package: kvoptions 2011/06/30 v3.11 Key value format for package options (HO)
)
\@linkdim=\dimen103
\Hy@linkcounter=\count89
\Hy@pagecounter=\count90
(/usr/local/texlive/2015/texmf-dist/tex/latex/hyperref/pd1enc.def
File: pd1enc.def 2012/11/06 v6.83m Hyperref: PDFDocEncoding definition (HO)
)
\Hy@SavedSpaceFactor=\count91
(/usr/local/texlive/2015/texmf-dist/tex/latex/latexconfig/hyperref.cfg
File: hyperref.cfg 2002/06/06 v1.2 hyperref configuration of TeXLive
)
Package hyperref Info: Hyper figures OFF on input line 4443.
Package hyperref Info: Link nesting OFF on input line 4448.
Package hyperref Info: Hyper index ON on input line 4451.
Package hyperref Info: Plain pages OFF on input line 4458.
Package hyperref Info: Backreferencing OFF on input line 4463.
Package hyperref Info: Implicit mode ON; LaTeX internals redefined.
Package hyperref Info: Bookmarks ON on input line 4688.
\c@Hy@tempcnt=\count92
(/usr/local/texlive/2015/texmf-dist/tex/latex/url/url.sty
\Urlmuskip=\muskip10
Package: url 2013/09/16  ver 3.4  Verb mode for urls, etc.
)
LaTeX Info: Redefining \url on input line 5041.
\XeTeXLinkMargin=\dimen104
\Fld@menulength=\count93
\Field@Width=\dimen105
\Fld@charsize=\dimen106
Package hyperref Info: Hyper figures OFF on input line 6295.
Package hyperref Info: Link nesting OFF on input line 6300.
Package hyperref Info: Hyper index ON on input line 6303.
Package hyperref Info: backreferencing OFF on input line 6310.
Package hyperref Info: Link coloring OFF on input line 6315.
Package hyperref Info: Link coloring with OCG OFF on input line 6320.
Package hyperref Info: PDF/A mode OFF on input line 6325.
LaTeX Info: Redefining \ref on input line 6365.
LaTeX Info: Redefining \pageref on input line 6369.
\Hy@abspage=\count94
\c@Item=\count95
\c@Hfootnote=\count96
)

Package hyperref Message: Driver (autodetected): hpdftex.

(/usr/local/texlive/2015/texmf-dist/tex/latex/hyperref/hpdftex.def
File: hpdftex.def 2012/11/06 v6.83m Hyperref driver for pdfTeX
\Fld@listcount=\count97
\c@bookmark@seq@number=\count98
(/usr/local/texlive/2015/texmf-dist/tex/latex/oberdiek/rerunfilecheck.sty
Package: rerunfilecheck 2011/04/15 v1.7 Rerun checks for auxiliary files (HO)
Package uniquecounter Info: New unique counter `rerunfilecheck' on input line 2
82.
)
\Hy@SectionHShift=\skip48
) (/usr/local/texlive/2015/texmf-dist/tex/latex/graphics/graphicx.sty
Package: graphicx 2014/10/28 v1.0g Enhanced LaTeX Graphics (DPC,SPQR)
(/usr/local/texlive/2015/texmf-dist/tex/latex/graphics/graphics.sty
Package: graphics 2014/10/28 v1.0p Standard LaTeX Graphics (DPC,SPQR)
(/usr/local/texlive/2015/texmf-dist/tex/latex/graphics/trig.sty
Package: trig 1999/03/16 v1.09 sin cos tan (DPC)
) (/usr/local/texlive/2015/texmf-dist/tex/latex/latexconfig/graphics.cfg
File: graphics.cfg 2010/04/23 v1.9 graphics configuration of TeX Live
)
Package graphics Info: Driver file: pdftex.def on input line 94.
(/usr/local/texlive/2015/texmf-dist/tex/latex/pdftex-def/pdftex.def
File: pdftex.def 2011/05/27 v0.06d Graphics/color for pdfTeX
\Gread@gobject=\count99
))
\Gin@req@height=\dimen107
\Gin@req@width=\dimen108
) (/usr/local/texlive/2015/texmf-dist/tex/latex/graphics/color.sty
Package: color 2014/10/28 v1.1a Standard LaTeX Color (DPC)
(/usr/local/texlive/2015/texmf-dist/tex/latex/latexconfig/color.cfg
File: color.cfg 2007/01/18 v1.5 color configuration of teTeX/TeXLive
)
Package color Info: Driver file: pdftex.def on input line 142.
) (/usr/local/texlive/2015/texmf-dist/tex/latex/amsmath/amsmath.sty
Package: amsmath 2013/01/14 v2.14 AMS math features
\@mathmargin=\skip49
For additional information on amsmath, use the `?' option.
(/usr/local/texlive/2015/texmf-dist/tex/latex/amsmath/amstext.sty
Package: amstext 2000/06/29 v2.01
(/usr/local/texlive/2015/texmf-dist/tex/latex/amsmath/amsgen.sty
File: amsgen.sty 1999/11/30 v2.0
\@emptytoks=\toks15
\ex@=\dimen109
)) (/usr/local/texlive/2015/texmf-dist/tex/latex/amsmath/amsbsy.sty
Package: amsbsy 1999/11/29 v1.2d
\pmbraise@=\dimen110
) (/usr/local/texlive/2015/texmf-dist/tex/latex/amsmath/amsopn.sty
Package: amsopn 1999/12/14 v2.01 operator names
)
\inf@bad=\count100
LaTeX Info: Redefining \frac on input line 210.
\uproot@=\count101
\leftroot@=\count102
LaTeX Info: Redefining \overline on input line 306.
\classnum@=\count103
\DOTSCASE@=\count104
LaTeX Info: Redefining \ldots on input line 378.
LaTeX Info: Redefining \dots on input line 381.
LaTeX Info: Redefining \cdots on input line 466.
\Mathstrutbox@=\box27
\strutbox@=\box28
\big@size=\dimen111
LaTeX Font Info:    Redeclaring font encoding OML on input line 566.
LaTeX Font Info:    Redeclaring font encoding OMS on input line 567.
\macc@depth=\count105
\c@MaxMatrixCols=\count106
\dotsspace@=\muskip11
\c@parentequation=\count107
\dspbrk@lvl=\count108
\tag@help=\toks16
\row@=\count109
\column@=\count110
\maxfields@=\count111
\andhelp@=\toks17
\eqnshift@=\dimen112
\alignsep@=\dimen113
\tagshift@=\dimen114
\tagwidth@=\dimen115
\totwidth@=\dimen116
\lineht@=\dimen117
\@envbody=\toks18
\multlinegap=\skip50
\multlinetaggap=\skip51
\mathdisplay@stack=\toks19
LaTeX Info: Redefining \[ on input line 2665.
LaTeX Info: Redefining \] on input line 2666.
) (/usr/local/texlive/2015/texmf-dist/tex/latex/tools/verbatim.sty
Package: verbatim 2014/10/28 v1.5q LaTeX2e package for verbatim enhancements
\every@verbatim=\toks20
\verbatim@line=\toks21
\verbatim@in@stream=\read1
) (/usr/local/texlive/2015/texmf-dist/tex/latex/fancyvrb/fancyvrb.sty
Package: fancyvrb 2008/02/07

Style option: `fancyvrb' v2.7a, with DG/SPQR fixes, and firstline=lastline fix 
<2008/02/07> (tvz)
\FV@CodeLineNo=\count112
\FV@InFile=\read2
\FV@TabBox=\box29
\c@FancyVerbLine=\count113
\FV@StepNumber=\count114
\FV@OutFile=\write3
) (/usr/local/texlive/2015/texmf-dist/tex/latex/tools/calc.sty
Package: calc 2014/10/28 v4.3 Infix arithmetic (KKT,FJ)
\calc@Acount=\count115
\calc@Bcount=\count116
\calc@Adimen=\dimen118
\calc@Bdimen=\dimen119
\calc@Askip=\skip52
\calc@Bskip=\skip53
LaTeX Info: Redefining \setlength on input line 80.
LaTeX Info: Redefining \addtolength on input line 81.
\calc@Ccount=\count117
\calc@Cskip=\skip54
) (/usr/local/texlive/2015/texmf-dist/tex/latex/base/ifthen.sty
Package: ifthen 2014/09/29 v1.1c Standard LaTeX ifthen package (DPC)
) (/usr/local/texlive/2015/texmf-dist/tex/latex/tools/xspace.sty
Package: xspace 2014/10/28 v1.13 Space after command names (DPC,MH)
) (/usr/local/texlive/2015/texmf-dist/tex/latex/units/units.sty
Package: units 1998/08/04 v0.9b Typesetting units
(/usr/local/texlive/2015/texmf-dist/tex/latex/units/nicefrac.sty
Package: nicefrac 1998/08/04 v0.9b Nice fractions
\L@UnitsRaiseDisplaystyle=\skip55
\L@UnitsRaiseTextstyle=\skip56
\L@UnitsRaiseScriptstyle=\skip57
)) (/usr/local/texlive/2015/texmf-dist/tex/latex/natbib/natbib.sty
Package: natbib 2010/09/13 8.31b (PWD, AO)
\bibhang=\skip58
\bibsep=\skip59
LaTeX Info: Redefining \cite on input line 694.
\c@NAT@ctr=\count118
) (/usr/local/texlive/2015/texmf-dist/tex/latex/listings/listings.sty
\lst@mode=\count119
\lst@gtempboxa=\box30
\lst@token=\toks22
\lst@length=\count120
\lst@currlwidth=\dimen120
\lst@column=\count121
\lst@pos=\count122
\lst@lostspace=\dimen121
\lst@width=\dimen122
\lst@newlines=\count123
\lst@lineno=\count124
\lst@maxwidth=\dimen123
(/usr/local/texlive/2015/texmf-dist/tex/latex/listings/lstmisc.sty
File: lstmisc.sty 2014/09/06 1.5e (Carsten Heinz)
\c@lstnumber=\count125
\lst@skipnumbers=\count126
\lst@framebox=\box31
) (/usr/local/texlive/2015/texmf-dist/tex/latex/listings/listings.cfg
File: listings.cfg 2014/09/06 1.5e listings configuration
))
Package: listings 2014/09/06 1.5e (Carsten Heinz)
(/usr/local/texlive/2015/texmf-dist/tex/latex/todonotes/todonotes.sty
Package: todonotes 2012/07/25 .dtx Todonotes source and documentation.
Package: todonotes 2012/07/25
(/usr/local/texlive/2015/texmf-dist/tex/latex/xkeyval/xkeyval.sty
Package: xkeyval 2014/12/03 v2.7a package option processing (HA)
(/usr/local/texlive/2015/texmf-dist/tex/generic/xkeyval/xkeyval.tex (/usr/local
/texlive/2015/texmf-dist/tex/generic/xkeyval/xkvutils.tex
\XKV@toks=\toks23
\XKV@tempa@toks=\toks24
)
\XKV@depth=\count127
File: xkeyval.tex 2014/12/03 v2.7a key=value parser (HA)
)) (/usr/local/texlive/2015/texmf-dist/tex/latex/xcolor/xcolor.sty
Package: xcolor 2007/01/21 v2.11 LaTeX color extensions (UK)
(/usr/local/texlive/2015/texmf-dist/tex/latex/latexconfig/color.cfg
File: color.cfg 2007/01/18 v1.5 color configuration of teTeX/TeXLive
)
Package xcolor Info: Driver file: pdftex.def on input line 225.
LaTeX Info: Redefining \color on input line 702.
Package xcolor Info: Model `cmy' substituted by `cmy0' on input line 1337.
Package xcolor Info: Model `hsb' substituted by `rgb' on input line 1341.
Package xcolor Info: Model `RGB' extended on input line 1353.
Package xcolor Info: Model `HTML' substituted by `rgb' on input line 1355.
Package xcolor Info: Model `Hsb' substituted by `hsb' on input line 1356.
Package xcolor Info: Model `tHsb' substituted by `hsb' on input line 1357.
Package xcolor Info: Model `HSB' substituted by `hsb' on input line 1358.
Package xcolor Info: Model `Gray' substituted by `gray' on input line 1359.
Package xcolor Info: Model `wave' substituted by `hsb' on input line 1360.
) (/usr/local/texlive/2015/texmf-dist/tex/latex/pgf/frontendlayer/tikz.sty (/us
r/local/texlive/2015/texmf-dist/tex/latex/pgf/basiclayer/pgf.sty (/usr/local/te
xlive/2015/texmf-dist/tex/latex/pgf/utilities/pgfrcs.sty
(/usr/local/texlive/2015/texmf-dist/tex/generic/pgf/utilities/pgfutil-common.te
x
\pgfutil@everybye=\toks25
\pgfutil@tempdima=\dimen124
\pgfutil@tempdimb=\dimen125

(/usr/local/texlive/2015/texmf-dist/tex/generic/pgf/utilities/pgfutil-common-li
sts.tex))
(/usr/local/texlive/2015/texmf-dist/tex/generic/pgf/utilities/pgfutil-latex.def
\pgfutil@abb=\box32
(/usr/local/texlive/2015/texmf-dist/tex/latex/ms/everyshi.sty
Package: everyshi 2001/05/15 v3.00 EveryShipout Package (MS)
)) (/usr/local/texlive/2015/texmf-dist/tex/generic/pgf/utilities/pgfrcs.code.te
x
Package: pgfrcs 2013/12/20 v3.0.0 (rcs-revision 1.28)
))
Package: pgf 2013/12/18 v3.0.0 (rcs-revision 1.14)
(/usr/local/texlive/2015/texmf-dist/tex/latex/pgf/basiclayer/pgfcore.sty (/usr/
local/texlive/2015/texmf-dist/tex/latex/pgf/systemlayer/pgfsys.sty
(/usr/local/texlive/2015/texmf-dist/tex/generic/pgf/systemlayer/pgfsys.code.tex
Package: pgfsys 2013/11/30 v3.0.0 (rcs-revision 1.47)
(/usr/local/texlive/2015/texmf-dist/tex/generic/pgf/utilities/pgfkeys.code.tex
\pgfkeys@pathtoks=\toks26
\pgfkeys@temptoks=\toks27

(/usr/local/texlive/2015/texmf-dist/tex/generic/pgf/utilities/pgfkeysfiltered.c
ode.tex
\pgfkeys@tmptoks=\toks28
))
\pgf@x=\dimen126
\pgf@y=\dimen127
\pgf@xa=\dimen128
\pgf@ya=\dimen129
\pgf@xb=\dimen130
\pgf@yb=\dimen131
\pgf@xc=\dimen132
\pgf@yc=\dimen133
\w@pgf@writea=\write4
\r@pgf@reada=\read3
\c@pgf@counta=\count128
\c@pgf@countb=\count129
\c@pgf@countc=\count130
\c@pgf@countd=\count131
\t@pgf@toka=\toks29
\t@pgf@tokb=\toks30
\t@pgf@tokc=\toks31
(/usr/local/texlive/2015/texmf-dist/tex/generic/pgf/systemlayer/pgf.cfg
File: pgf.cfg 2008/05/14  (rcs-revision 1.7)
)
Driver file for pgf: pgfsys-pdftex.def

(/usr/local/texlive/2015/texmf-dist/tex/generic/pgf/systemlayer/pgfsys-pdftex.d
ef
File: pgfsys-pdftex.def 2013/07/18  (rcs-revision 1.33)

(/usr/local/texlive/2015/texmf-dist/tex/generic/pgf/systemlayer/pgfsys-common-p
df.def
File: pgfsys-common-pdf.def 2013/10/10  (rcs-revision 1.13)
)))
(/usr/local/texlive/2015/texmf-dist/tex/generic/pgf/systemlayer/pgfsyssoftpath.
code.tex
File: pgfsyssoftpath.code.tex 2013/09/09  (rcs-revision 1.9)
\pgfsyssoftpath@smallbuffer@items=\count132
\pgfsyssoftpath@bigbuffer@items=\count133
)
(/usr/local/texlive/2015/texmf-dist/tex/generic/pgf/systemlayer/pgfsysprotocol.
code.tex
File: pgfsysprotocol.code.tex 2006/10/16  (rcs-revision 1.4)
))
(/usr/local/texlive/2015/texmf-dist/tex/generic/pgf/basiclayer/pgfcore.code.tex
Package: pgfcore 2010/04/11 v3.0.0 (rcs-revision 1.7)
(/usr/local/texlive/2015/texmf-dist/tex/generic/pgf/math/pgfmath.code.tex (/usr
/local/texlive/2015/texmf-dist/tex/generic/pgf/math/pgfmathcalc.code.tex (/usr/
local/texlive/2015/texmf-dist/tex/generic/pgf/math/pgfmathutil.code.tex)
(/usr/local/texlive/2015/texmf-dist/tex/generic/pgf/math/pgfmathparser.code.tex
\pgfmath@dimen=\dimen134
\pgfmath@count=\count134
\pgfmath@box=\box33
\pgfmath@toks=\toks32
\pgfmath@stack@operand=\toks33
\pgfmath@stack@operation=\toks34
)
(/usr/local/texlive/2015/texmf-dist/tex/generic/pgf/math/pgfmathfunctions.code.
tex
(/usr/local/texlive/2015/texmf-dist/tex/generic/pgf/math/pgfmathfunctions.basic
.code.tex)
(/usr/local/texlive/2015/texmf-dist/tex/generic/pgf/math/pgfmathfunctions.trigo
nometric.code.tex)
(/usr/local/texlive/2015/texmf-dist/tex/generic/pgf/math/pgfmathfunctions.rando
m.code.tex)
(/usr/local/texlive/2015/texmf-dist/tex/generic/pgf/math/pgfmathfunctions.compa
rison.code.tex)
(/usr/local/texlive/2015/texmf-dist/tex/generic/pgf/math/pgfmathfunctions.base.
code.tex)
(/usr/local/texlive/2015/texmf-dist/tex/generic/pgf/math/pgfmathfunctions.round
.code.tex)
(/usr/local/texlive/2015/texmf-dist/tex/generic/pgf/math/pgfmathfunctions.misc.
code.tex)
(/usr/local/texlive/2015/texmf-dist/tex/generic/pgf/math/pgfmathfunctions.integ
erarithmetics.code.tex))) (/usr/local/texlive/2015/texmf-dist/tex/generic/pgf/m
ath/pgfmathfloat.code.tex
\c@pgfmathroundto@lastzeros=\count135
))
(/usr/local/texlive/2015/texmf-dist/tex/generic/pgf/basiclayer/pgfcorepoints.co
de.tex
File: pgfcorepoints.code.tex 2013/10/07  (rcs-revision 1.27)
\pgf@picminx=\dimen135
\pgf@picmaxx=\dimen136
\pgf@picminy=\dimen137
\pgf@picmaxy=\dimen138
\pgf@pathminx=\dimen139
\pgf@pathmaxx=\dimen140
\pgf@pathminy=\dimen141
\pgf@pathmaxy=\dimen142
\pgf@xx=\dimen143
\pgf@xy=\dimen144
\pgf@yx=\dimen145
\pgf@yy=\dimen146
\pgf@zx=\dimen147
\pgf@zy=\dimen148
)
(/usr/local/texlive/2015/texmf-dist/tex/generic/pgf/basiclayer/pgfcorepathconst
ruct.code.tex
File: pgfcorepathconstruct.code.tex 2013/10/07  (rcs-revision 1.29)
\pgf@path@lastx=\dimen149
\pgf@path@lasty=\dimen150
)
(/usr/local/texlive/2015/texmf-dist/tex/generic/pgf/basiclayer/pgfcorepathusage
.code.tex
File: pgfcorepathusage.code.tex 2013/12/13  (rcs-revision 1.23)
\pgf@shorten@end@additional=\dimen151
\pgf@shorten@start@additional=\dimen152
)
(/usr/local/texlive/2015/texmf-dist/tex/generic/pgf/basiclayer/pgfcorescopes.co
de.tex
File: pgfcorescopes.code.tex 2013/10/09  (rcs-revision 1.44)
\pgfpic=\box34
\pgf@hbox=\box35
\pgf@layerbox@main=\box36
\pgf@picture@serial@count=\count136
)
(/usr/local/texlive/2015/texmf-dist/tex/generic/pgf/basiclayer/pgfcoregraphicst
ate.code.tex
File: pgfcoregraphicstate.code.tex 2013/09/19  (rcs-revision 1.11)
\pgflinewidth=\dimen153
)
(/usr/local/texlive/2015/texmf-dist/tex/generic/pgf/basiclayer/pgfcoretransform
ations.code.tex
File: pgfcoretransformations.code.tex 2013/10/10  (rcs-revision 1.17)
\pgf@pt@x=\dimen154
\pgf@pt@y=\dimen155
\pgf@pt@temp=\dimen156
)
(/usr/local/texlive/2015/texmf-dist/tex/generic/pgf/basiclayer/pgfcorequick.cod
e.tex
File: pgfcorequick.code.tex 2008/10/09  (rcs-revision 1.3)
)
(/usr/local/texlive/2015/texmf-dist/tex/generic/pgf/basiclayer/pgfcoreobjects.c
ode.tex
File: pgfcoreobjects.code.tex 2006/10/11  (rcs-revision 1.2)
)
(/usr/local/texlive/2015/texmf-dist/tex/generic/pgf/basiclayer/pgfcorepathproce
ssing.code.tex
File: pgfcorepathprocessing.code.tex 2013/09/09  (rcs-revision 1.9)
)
(/usr/local/texlive/2015/texmf-dist/tex/generic/pgf/basiclayer/pgfcorearrows.co
de.tex
File: pgfcorearrows.code.tex 2013/11/07  (rcs-revision 1.40)
\pgfarrowsep=\dimen157
)
(/usr/local/texlive/2015/texmf-dist/tex/generic/pgf/basiclayer/pgfcoreshade.cod
e.tex
File: pgfcoreshade.code.tex 2013/07/15  (rcs-revision 1.15)
\pgf@max=\dimen158
\pgf@sys@shading@range@num=\count137
)
(/usr/local/texlive/2015/texmf-dist/tex/generic/pgf/basiclayer/pgfcoreimage.cod
e.tex
File: pgfcoreimage.code.tex 2013/07/15  (rcs-revision 1.18)

(/usr/local/texlive/2015/texmf-dist/tex/generic/pgf/basiclayer/pgfcoreexternal.
code.tex
File: pgfcoreexternal.code.tex 2013/07/15  (rcs-revision 1.20)
\pgfexternal@startupbox=\box37
))
(/usr/local/texlive/2015/texmf-dist/tex/generic/pgf/basiclayer/pgfcorelayers.co
de.tex
File: pgfcorelayers.code.tex 2013/07/18  (rcs-revision 1.7)
)
(/usr/local/texlive/2015/texmf-dist/tex/generic/pgf/basiclayer/pgfcoretranspare
ncy.code.tex
File: pgfcoretransparency.code.tex 2013/09/30  (rcs-revision 1.5)
)
(/usr/local/texlive/2015/texmf-dist/tex/generic/pgf/basiclayer/pgfcorepatterns.
code.tex
File: pgfcorepatterns.code.tex 2013/11/07  (rcs-revision 1.5)
)))
(/usr/local/texlive/2015/texmf-dist/tex/generic/pgf/modules/pgfmoduleshapes.cod
e.tex
File: pgfmoduleshapes.code.tex 2013/10/31  (rcs-revision 1.34)
\pgfnodeparttextbox=\box38
)
(/usr/local/texlive/2015/texmf-dist/tex/generic/pgf/modules/pgfmoduleplot.code.
tex
File: pgfmoduleplot.code.tex 2013/07/31  (rcs-revision 1.12)
)
(/usr/local/texlive/2015/texmf-dist/tex/latex/pgf/compatibility/pgfcomp-version
-0-65.sty
Package: pgfcomp-version-0-65 2007/07/03 v3.0.0 (rcs-revision 1.7)
\pgf@nodesepstart=\dimen159
\pgf@nodesepend=\dimen160
)
(/usr/local/texlive/2015/texmf-dist/tex/latex/pgf/compatibility/pgfcomp-version
-1-18.sty
Package: pgfcomp-version-1-18 2007/07/23 v3.0.0 (rcs-revision 1.1)
)) (/usr/local/texlive/2015/texmf-dist/tex/latex/pgf/utilities/pgffor.sty (/usr
/local/texlive/2015/texmf-dist/tex/latex/pgf/utilities/pgfkeys.sty (/usr/local/
texlive/2015/texmf-dist/tex/generic/pgf/utilities/pgfkeys.code.tex)) (/usr/loca
l/texlive/2015/texmf-dist/tex/latex/pgf/math/pgfmath.sty (/usr/local/texlive/20
15/texmf-dist/tex/generic/pgf/math/pgfmath.code.tex)) (/usr/local/texlive/2015/
texmf-dist/tex/generic/pgf/utilities/pgffor.code.tex
Package: pgffor 2013/12/13 v3.0.0 (rcs-revision 1.25)
(/usr/local/texlive/2015/texmf-dist/tex/generic/pgf/math/pgfmath.code.tex)
\pgffor@iter=\dimen161
\pgffor@skip=\dimen162
\pgffor@stack=\toks35
\pgffor@toks=\toks36
))
(/usr/local/texlive/2015/texmf-dist/tex/generic/pgf/frontendlayer/tikz/tikz.cod
e.tex
Package: tikz 2013/12/13 v3.0.0 (rcs-revision 1.142)

(/usr/local/texlive/2015/texmf-dist/tex/generic/pgf/libraries/pgflibraryplothan
dlers.code.tex
File: pgflibraryplothandlers.code.tex 2013/08/31 v3.0.0 (rcs-revision 1.20)
\pgf@plot@mark@count=\count138
\pgfplotmarksize=\dimen163
)
\tikz@lastx=\dimen164
\tikz@lasty=\dimen165
\tikz@lastxsaved=\dimen166
\tikz@lastysaved=\dimen167
\tikzleveldistance=\dimen168
\tikzsiblingdistance=\dimen169
\tikz@figbox=\box39
\tikz@figbox@bg=\box40
\tikz@tempbox=\box41
\tikz@tempbox@bg=\box42
\tikztreelevel=\count139
\tikznumberofchildren=\count140
\tikznumberofcurrentchild=\count141
\tikz@fig@count=\count142

(/usr/local/texlive/2015/texmf-dist/tex/generic/pgf/modules/pgfmodulematrix.cod
e.tex
File: pgfmodulematrix.code.tex 2013/09/17  (rcs-revision 1.8)
\pgfmatrixcurrentrow=\count143
\pgfmatrixcurrentcolumn=\count144
\pgf@matrix@numberofcolumns=\count145
)
\tikz@expandcount=\count146

(/usr/local/texlive/2015/texmf-dist/tex/generic/pgf/frontendlayer/tikz/librarie
s/tikzlibrarytopaths.code.tex
File: tikzlibrarytopaths.code.tex 2008/06/17 v3.0.0 (rcs-revision 1.2)
)))
(/usr/local/texlive/2015/texmf-dist/tex/generic/pgf/frontendlayer/tikz/librarie
s/tikzlibrarypositioning.code.tex
File: tikzlibrarypositioning.code.tex 2008/10/06 v3.0.0 (rcs-revision 1.7)
)
\c@@todonotes@numberoftodonotes=\count147
) (/Users/bindgens2/Documents/espresso_dev/espresso/doc/misc/common.tex (/usr/l
ocal/texlive/2015/texmf-dist/tex/latex/lm/lmodern.sty
Package: lmodern 2009/10/30 v1.6 Latin Modern Fonts
LaTeX Font Info:    Overwriting symbol font `operators' in version `normal'
(Font)                  OT1/cmr/m/n --> OT1/lmr/m/n on input line 22.
LaTeX Font Info:    Overwriting symbol font `letters' in version `normal'
(Font)                  OML/cmm/m/it --> OML/lmm/m/it on input line 23.
LaTeX Font Info:    Overwriting symbol font `symbols' in version `normal'
(Font)                  OMS/cmsy/m/n --> OMS/lmsy/m/n on input line 24.
LaTeX Font Info:    Overwriting symbol font `largesymbols' in version `normal'
(Font)                  OMX/cmex/m/n --> OMX/lmex/m/n on input line 25.
LaTeX Font Info:    Overwriting symbol font `operators' in version `bold'
(Font)                  OT1/cmr/bx/n --> OT1/lmr/bx/n on input line 26.
LaTeX Font Info:    Overwriting symbol font `letters' in version `bold'
(Font)                  OML/cmm/b/it --> OML/lmm/b/it on input line 27.
LaTeX Font Info:    Overwriting symbol font `symbols' in version `bold'
(Font)                  OMS/cmsy/b/n --> OMS/lmsy/b/n on input line 28.
LaTeX Font Info:    Overwriting symbol font `largesymbols' in version `bold'
(Font)                  OMX/cmex/m/n --> OMX/lmex/m/n on input line 29.
LaTeX Font Info:    Overwriting math alphabet `\mathbf' in version `normal'
(Font)                  OT1/cmr/bx/n --> OT1/lmr/bx/n on input line 31.
LaTeX Font Info:    Overwriting math alphabet `\mathsf' in version `normal'
(Font)                  OT1/cmss/m/n --> OT1/lmss/m/n on input line 32.
LaTeX Font Info:    Overwriting math alphabet `\mathit' in version `normal'
(Font)                  OT1/cmr/m/it --> OT1/lmr/m/it on input line 33.
LaTeX Font Info:    Overwriting math alphabet `\mathtt' in version `normal'
(Font)                  OT1/cmtt/m/n --> OT1/lmtt/m/n on input line 34.
LaTeX Font Info:    Overwriting math alphabet `\mathbf' in version `bold'
(Font)                  OT1/cmr/bx/n --> OT1/lmr/bx/n on input line 35.
LaTeX Font Info:    Overwriting math alphabet `\mathsf' in version `bold'
(Font)                  OT1/cmss/bx/n --> OT1/lmss/bx/n on input line 36.
LaTeX Font Info:    Overwriting math alphabet `\mathit' in version `bold'
(Font)                  OT1/cmr/bx/it --> OT1/lmr/bx/it on input line 37.
LaTeX Font Info:    Overwriting math alphabet `\mathtt' in version `bold'
(Font)                  OT1/cmtt/m/n --> OT1/lmtt/m/n on input line 38.
))) (./02-charged_system.aux)
\openout1 = `02-charged_system.aux'.

LaTeX Font Info:    Checking defaults for OML/cmm/m/it on input line 33.
LaTeX Font Info:    ... okay on input line 33.
LaTeX Font Info:    Checking defaults for T1/cmr/m/n on input line 33.
LaTeX Font Info:    ... okay on input line 33.
LaTeX Font Info:    Checking defaults for OT1/cmr/m/n on input line 33.
LaTeX Font Info:    ... okay on input line 33.
LaTeX Font Info:    Checking defaults for OMS/cmsy/m/n on input line 33.
LaTeX Font Info:    ... okay on input line 33.
LaTeX Font Info:    Checking defaults for OMX/cmex/m/n on input line 33.
LaTeX Font Info:    ... okay on input line 33.
LaTeX Font Info:    Checking defaults for U/cmr/m/n on input line 33.
LaTeX Font Info:    ... okay on input line 33.
LaTeX Font Info:    Checking defaults for PD1/pdf/m/n on input line 33.
LaTeX Font Info:    ... okay on input line 33.
LaTeX Font Info:    Try loading font information for OT1+lmr on input line 33.
(/usr/local/texlive/2015/texmf-dist/tex/latex/lm/ot1lmr.fd
File: ot1lmr.fd 2009/10/30 v1.6 Font defs for Latin Modern
)
\AtBeginShipoutBox=\box43
Package hyperref Info: Link coloring OFF on input line 33.
(/usr/local/texlive/2015/texmf-dist/tex/latex/hyperref/nameref.sty
Package: nameref 2012/10/27 v2.43 Cross-referencing by name of section
(/usr/local/texlive/2015/texmf-dist/tex/generic/oberdiek/gettitlestring.sty
Package: gettitlestring 2010/12/03 v1.4 Cleanup title references (HO)
)
\c@section@level=\count148
LaTeX Info: Redefining \Ref on input line 513.
)
LaTeX Info: Redefining \ref on input line 33.
LaTeX Info: Redefining \pageref on input line 33.
LaTeX Info: Redefining \nameref on input line 33.
(./02-charged_system.out) (./02-charged_system.out)
\@outlinefile=\write5
\openout5 = `02-charged_system.out'.

LaTeX Info: Redefining \Ref on input line 33.
(/usr/local/texlive/2015/texmf-dist/tex/context/base/supp-pdf.mkii
[Loading MPS to PDF converter (version 2006.09.02).]
\scratchcounter=\count149
\scratchdimen=\dimen170
\scratchbox=\box44
\nofMPsegments=\count150
\nofMParguments=\count151
\everyMPshowfont=\toks37
\MPscratchCnt=\count152
\MPscratchDim=\dimen171
\MPnumerator=\count153
\makeMPintoPDFobject=\count154
\everyMPtoPDFconversion=\toks38
) (/usr/local/texlive/2015/texmf-dist/tex/latex/oberdiek/epstopdf-base.sty
Package: epstopdf-base 2010/02/09 v2.5 Base part for package epstopdf
(/usr/local/texlive/2015/texmf-dist/tex/latex/oberdiek/grfext.sty
Package: grfext 2010/08/19 v1.1 Manage graphics extensions (HO)
)
Package grfext Info: Graphics extension search list:
(grfext)             [.png,.pdf,.jpg,.mps,.jpeg,.jbig2,.jb2,.PNG,.PDF,.JPG,.JPE
G,.JBIG2,.JB2,.eps]
(grfext)             \AppendGraphicsExtensions on input line 452.
(/usr/local/texlive/2015/texmf-dist/tex/latex/latexconfig/epstopdf-sys.cfg
File: epstopdf-sys.cfg 2010/07/13 v1.3 Configuration of (r)epstopdf for TeX Liv
e
))
\c@lstlisting=\count155
ABD: EveryShipout initializing macros <logo/logo.pdf, id=43, 554.82881pt x 582.
56145pt>
File: logo/logo.pdf Graphic file (type pdf)
<use logo/logo.pdf>
Package pdftex.def Info: logo/logo.pdf used on input line 42.
(pdftex.def)             Requested size: 142.26378pt x 149.37344pt.
LaTeX Font Info:    Try loading font information for OT1+lmss on input line 42.

(/usr/local/texlive/2015/texmf-dist/tex/latex/lm/ot1lmss.fd
File: ot1lmss.fd 2009/10/30 v1.6 Font defs for Latin Modern
)
LaTeX Font Info:    Try loading font information for OML+lmm on input line 42.
(/usr/local/texlive/2015/texmf-dist/tex/latex/lm/omllmm.fd
File: omllmm.fd 2009/10/30 v1.6 Font defs for Latin Modern
)
LaTeX Font Info:    Try loading font information for OMS+lmsy on input line 42.

(/usr/local/texlive/2015/texmf-dist/tex/latex/lm/omslmsy.fd
File: omslmsy.fd 2009/10/30 v1.6 Font defs for Latin Modern
)
LaTeX Font Info:    Try loading font information for OMX+lmex on input line 42.

(/usr/local/texlive/2015/texmf-dist/tex/latex/lm/omxlmex.fd
File: omxlmex.fd 2009/10/30 v1.6 Font defs for Latin Modern
)
LaTeX Font Info:    External font `lmex10' loaded for size
(Font)              <20.74> on input line 42.
LaTeX Font Info:    External font `lmex10' loaded for size
(Font)              <14.4> on input line 42.
LaTeX Font Info:    External font `lmex10' loaded for size
(Font)              <12> on input line 42.
LaTeX Font Info:    Try loading font information for OMS+lmss on input line 42.

LaTeX Font Info:    No file OMSlmss.fd. on input line 42.

LaTeX Font Warning: Font shape `OMS/lmss/bx/n' undefined
(Font)              using `OMS/cmsy/m/n' instead
(Font)              for symbol `textasteriskcentered' on input line 42.

LaTeX Font Info:    External font `lmex10' loaded for size
(Font)              <10> on input line 42.
LaTeX Font Info:    External font `lmex10' loaded for size
(Font)              <7> on input line 42.

LaTeX Warning: No \author given.

LaTeX Font Info:    External font `lmex10' loaded for size
(Font)              <9> on input line 42.
LaTeX Font Info:    External font `lmex10' loaded for size
(Font)              <6> on input line 42.
LaTeX Font Info:    External font `lmex10' loaded for size
(Font)              <5> on input line 42.
LaTeX Font Info:    Try loading font information for OMS+lmr on input line 42.
(/usr/local/texlive/2015/texmf-dist/tex/latex/lm/omslmr.fd
File: omslmr.fd 2009/10/30 v1.6 Font defs for Latin Modern
)
LaTeX Font Info:    Font shape `OMS/lmr/m/n' in size <6> not available
(Font)              Font shape `OMS/lmsy/m/n' tried instead on input line 42.
(./02-charged_system.toc)
\tf@toc=\write6
\openout6 = `02-charged_system.toc'.

LaTeX Font Info:    Try loading font information for OT1+lmtt on input line 52.

(/usr/local/texlive/2015/texmf-dist/tex/latex/lm/ot1lmtt.fd
File: ot1lmtt.fd 2009/10/30 v1.6 Font defs for Latin Modern
) [1




{/usr/local/texlive/2015/texmf-var/fonts/map/pdftex/updmap/pdftex.map} </Users/
bindgens2/Documents/espresso_dev/espresso/doc/logo/logo.pdf>]
Overfull \hbox (10.95pt too wide) in paragraph at lines 65--65
 [] 
 []


Overfull \hbox (10.95pt too wide) in paragraph at lines 80--80
 [] 
 []


Overfull \hbox (10.95pt too wide) in paragraph at lines 98--98
 [] 
 []

[2]
Overfull \hbox (10.95pt too wide) in paragraph at lines 121--121
 [] 
 []


Overfull \hbox (10.95pt too wide) in paragraph at lines 143--143
 [] 
 []

LaTeX Font Info:    External font `lmex10' loaded for size
(Font)              <10.95> on input line 150.
LaTeX Font Info:    External font `lmex10' loaded for size
(Font)              <8> on input line 150.

Overfull \hbox (10.95pt too wide) in paragraph at lines 163--163
 [] 
 []


Overfull \hbox (10.95pt too wide) in paragraph at lines 172--172
 [] 
 []


Underfull \vbox (badness 2875) has occurred while \output is active []

[3]
Overfull \hbox (10.95pt too wide) in paragraph at lines 187--187
 [] 
 []


Overfull \hbox (10.95pt too wide) in paragraph at lines 210--210
 [] 
 []


Overfull \hbox (10.95pt too wide) in paragraph at lines 214--214
 [] 
 []


Overfull \hbox (10.95pt too wide) in paragraph at lines 236--236
 [] 
 []

[4]
Overfull \hbox (10.95pt too wide) in paragraph at lines 262--262
 [] 
 []


Overfull \hbox (10.95pt too wide) in paragraph at lines 277--277
 [] 
 []


Overfull \hbox (10.95pt too wide) in paragraph at lines 288--288
 [] 
 []

<figures/salt.png, id=88, 80.34015pt x 86.36266pt>
File: figures/salt.png Graphic file (type png)
<use figures/salt.png>
Package pdftex.def Info: figures/salt.png used on input line 301.
(pdftex.def)             Requested size: 167.29967pt x 179.86728pt.
[5]
Overfull \hbox (10.95pt too wide) in paragraph at lines 334--334
 [] 
 []


Overfull \hbox (10.95pt too wide) in paragraph at lines 373--373
 [] 
 []


Underfull \vbox (badness 10000) has occurred while \output is active []

[6 </Users/bindgens2/Documents/espresso_dev/espresso/doc/tutorials/tcl/02-charg
ed_system/figures/salt.png (PNG copy)>] <figures/nacl-rdf.pdf, id=99, 361.35pt 
x 252.945pt>
File: figures/nacl-rdf.pdf Graphic file (type pdf)
<use figures/nacl-rdf.pdf>
Package pdftex.def Info: figures/nacl-rdf.pdf used on input line 391.
(pdftex.def)             Requested size: 292.7776pt x 204.94608pt.

Overfull \hbox (10.95pt too wide) in paragraph at lines 407--407
 [] 
 []

[7]
Overfull \hbox (10.95pt too wide) in paragraph at lines 420--420
 [] 
 []


Overfull \hbox (10.95pt too wide) in paragraph at lines 427--427
 [] 
 []


Underfull \vbox (badness 3547) has occurred while \output is active []

[8 </Users/bindgens2/Documents/espresso_dev/espresso/doc/tutorials/tcl/02-charg
ed_system/figures/nacl-rdf.pdf>]
Overfull \hbox (10.95pt too wide) in paragraph at lines 464--464
 [] 
 []


Overfull \hbox (10.95pt too wide) in paragraph at lines 494--494
 [] 
 []


Overfull \hbox (23.30199pt too wide) in paragraph at lines 503--503
[]  \OT1/lmtt/m/n/10.95 set f_mass [expr 100.0*pow( ([setmd time_step]*$memd_me
sh/$box_l),2.0)][] 
 []


Overfull \hbox (10.95pt too wide) in paragraph at lines 505--505
 [] 
 []

[9] <figures/neutral-rho.pdf, id=118, 361.35pt x 252.945pt>
File: figures/neutral-rho.pdf Graphic file (type pdf)
<use figures/neutral-rho.pdf>
Package pdftex.def Info: figures/neutral-rho.pdf used on input line 522.
(pdftex.def)             Requested size: 292.7776pt x 204.94608pt.

Overfull \hbox (10.95pt too wide) in paragraph at lines 547--547
 [] 
 []

[10 </Users/bindgens2/Documents/espresso_dev/espresso/doc/tutorials/tcl/02-char
ged_system/figures/neutral-rho.pdf>]
Overfull \hbox (10.95pt too wide) in paragraph at lines 570--570
 [] 
 []


Overfull \hbox (10.95pt too wide) in paragraph at lines 579--579
 [] 
 []


Overfull \hbox (10.95pt too wide) in paragraph at lines 588--588
 [] 
 []


Overfull \hbox (10.95pt too wide) in paragraph at lines 617--617
 [] 
 []


Underfull \vbox (badness 3078) has occurred while \output is active []

[11]
Overfull \hbox (10.95pt too wide) in paragraph at lines 641--641
 [] 
 []


Overfull \hbox (10.95pt too wide) in paragraph at lines 650--650
 [] 
 []


Overfull \hbox (10.95pt too wide) in paragraph at lines 665--665
 [] 
 []

<figures/nonneutral-rho.pdf, id=134, 361.35pt x 252.945pt>
File: figures/nonneutral-rho.pdf Graphic file (type pdf)
<use figures/nonneutral-rho.pdf>
Package pdftex.def Info: figures/nonneutral-rho.pdf used on input line 673.
(pdftex.def)             Requested size: 292.7776pt x 204.94608pt.

LaTeX Warning: `h' float specifier changed to `ht'.


Overfull \hbox (10.95pt too wide) in paragraph at lines 692--692
 [] 
 []

[12] [13 </Users/bindgens2/Documents/espresso_dev/espresso/doc/tutorials/tcl/02
-charged_system/figures/nonneutral-rho.pdf>]
Package atveryend Info: Empty hook `BeforeClearDocument' on input line 714.
Package atveryend Info: Empty hook `AfterLastShipout' on input line 714.
(./02-charged_system.aux)
Package atveryend Info: Executing hook `AtVeryEndDocument' on input line 714.
Package atveryend Info: Executing hook `AtEndAfterFileList' on input line 714.
Package rerunfilecheck Info: File `02-charged_system.out' has not changed.
(rerunfilecheck)             Checksum: CF6693A2561F03887C6F3990EBC4CAC6;499.

LaTeX Font Warning: Some font shapes were not available, defaults substituted.

Package atveryend Info: Empty hook `AtVeryVeryEnd' on input line 714.
 ) 
Here is how much of TeX's memory you used:
 20026 strings out of 493089
 369956 string characters out of 6134843
 491207 words of memory out of 5000000
 23110 multiletter control sequences out of 15000+600000
 61288 words of font info for 55 fonts, out of 8000000 for 9000
 1141 hyphenation exceptions out of 8191
 79i,8n,72p,495b,360s stack positions out of 5000i,500n,10000p,200000b,80000s
{/usr/local/texlive/2015/texmf-dist/fonts/enc/dvips/lm/lm-rm.enc}{/usr/local/
texlive/2015/texmf-dist/fonts/enc/dvips/lm/lm-mathit.enc}{/usr/local/texlive/20
15/texmf-dist/fonts/enc/dvips/lm/lm-mathsy.enc}{/usr/local/texlive/2015/texmf-d
ist/fonts/enc/dvips/lm/lm-rmtt.enc}</usr/local/texlive/2015/texmf-dist/fonts/ty
pe1/public/amsfonts/cm/cmsy10.pfb></usr/local/texlive/2015/texmf-dist/fonts/typ
e1/public/lm/lmmi10.pfb></usr/local/texlive/2015/texmf-dist/fonts/type1/public/
lm/lmr10.pfb></usr/local/texlive/2015/texmf-dist/fonts/type1/public/lm/lmr12.pf
b></usr/local/texlive/2015/texmf-dist/fonts/type1/public/lm/lmr8.pfb></usr/loca
l/texlive/2015/texmf-dist/fonts/type1/public/lm/lmr9.pfb></usr/local/texlive/20
15/texmf-dist/fonts/type1/public/lm/lmri10.pfb></usr/local/texlive/2015/texmf-d
ist/fonts/type1/public/lm/lmss10.pfb></usr/local/texlive/2015/texmf-dist/fonts/
type1/public/lm/lmss9.pfb></usr/local/texlive/2015/texmf-dist/fonts/type1/publi
c/lm/lmssbx10.pfb></usr/local/texlive/2015/texmf-dist/fonts/type1/public/lm/lms
y10.pfb></usr/local/texlive/2015/texmf-dist/fonts/type1/public/lm/lmsy6.pfb></u
sr/local/texlive/2015/texmf-dist/fonts/type1/public/lm/lmsy8.pfb></usr/local/te
xlive/2015/texmf-dist/fonts/type1/public/lm/lmtt10.pfb>
Output written on 02-charged_system.pdf (13 pages, 1868914 bytes).
PDF statistics:
 211 PDF objects out of 1000 (max. 8388607)
 173 compressed objects within 2 object streams
 30 named destinations out of 1000 (max. 500000)
 110 words of extra memory for PDF output out of 10000 (max. 10000000)

