\BOOKMARK [1][-]{section.1}{Introduction}{}% 1
\BOOKMARK [1][-]{section.2}{Background}{}% 2
\BOOKMARK [1][-]{section.3}{Tutorial Outline}{}% 3
\BOOKMARK [1][-]{section.4}{First steps}{}% 4
\BOOKMARK [1][-]{section.5}{Short TCL Tutorial}{}% 5
\BOOKMARK [2][-]{subsection.5.1}{Assignments and evaluation}{section.5}% 6
\BOOKMARK [2][-]{subsection.5.2}{Comparisons and looping}{section.5}% 7
\BOOKMARK [2][-]{subsection.5.3}{Lists}{section.5}% 8
\BOOKMARK [1][-]{section.6}{Adding a new Tcl command}{}% 9
\BOOKMARK [2][-]{subsection.6.1}{Writing to a file}{section.6}% 10
\BOOKMARK [2][-]{subsection.6.2}{System setup}{section.6}% 11
\BOOKMARK [2][-]{subsection.6.3}{Lennard-Jones Potential}{section.6}% 12
\BOOKMARK [2][-]{subsection.6.4}{Units}{section.6}% 13
\BOOKMARK [2][-]{subsection.6.5}{Simulation Parameters}{section.6}% 14
\BOOKMARK [2][-]{subsection.6.6}{Assigning Particle Properties}{section.6}% 15
\BOOKMARK [2][-]{subsection.6.7}{Assigning Interactions}{section.6}% 16
\BOOKMARK [2][-]{subsection.6.8}{Generating Data: Lennard-Jones Liquid Simulation}{section.6}% 17
\BOOKMARK [3][-]{subsubsection.6.8.1}{System Setup}{subsection.6.8}% 18
\BOOKMARK [2][-]{subsection.6.9}{Simple Error Analysis on Time Series Data with uwerr}{section.6}% 19
\BOOKMARK [2][-]{subsection.6.10}{Online analysis of correlations}{section.6}% 20
\BOOKMARK [2][-]{subsection.6.11}{Other Useful Scripts}{section.6}% 21
